# JRE version: OpenJDK Runtime Environment Temurin-17.0.2+8 (17.0.2+8) (build 17.0.2+8)
# Java VM: OpenJDK 64-Bit Server VM Temurin-17.0.2+8 (17.0.2+8, mixed mode, emulated-client, tiered, compressed oops, compressed class ptrs, g1 gc, windows-amd64)
GC Precious Log:
 CPUs: 4 total, 4 available
 Memory: 8075M
 Large Page Support: Disabled
 NUMA Support: Disabled
 Compressed Oops: Enabled (32-bit)
 Heap Region Size: 1M
 Heap Min Capacity: 8M
 Heap Initial Capacity: 128M
 Heap Max Capacity: 512M
 Pre-touch: Disabled
 Parallel Workers: 4
 Concurrent Workers: 1
 Concurrent Refinement Workers: 4
 Periodic GC: Disabled
Heap:
 garbage-first heap   total 40960K, used 18357K [0x00000000e0000000, 0x0000000100000000)
  region size 1024K, 12 young (12288K), 3 survivors (3072K)
 Metaspace       used 22792K, committed 22976K, reserved 1073152K
  class space    used 2722K, committed 2816K, reserved 1048576K
GC Heap History (8 events):
Event: 24.876 GC heap before
{Heap before GC invocations=0 (full 0):
 garbage-first heap   total 131072K, used 13312K [0x00000000e0000000, 0x0000000100000000)
  region size 1024K, 13 young (13312K), 0 survivors (0K)
 Metaspace       used 12735K, committed 12864K, reserved 1064960K
  class space    used 1289K, committed 1344K, reserved 1048576K
}
Event: 24.926 GC heap after
{Heap after GC invocations=1 (full 0):
 garbage-first heap   total 131072K, used 7120K [0x00000000e0000000, 0x0000000100000000)
  region size 1024K, 2 young (2048K), 2 survivors (2048K)
 Metaspace       used 12735K, committed 12864K, reserved 1064960K
  class space    used 1289K, committed 1344K, reserved 1048576K
}
Event: 26.099 GC heap before
{Heap before GC invocations=1 (full 0):
 garbage-first heap   total 131072K, used 15312K [0x00000000e0000000, 0x0000000100000000)
  region size 1024K, 10 young (10240K), 2 survivors (2048K)
 Metaspace       used 15419K, committed 15616K, reserved 1064960K
  class space    used 1641K, committed 1728K, reserved 1048576K
}
Event: 26.105 GC heap after
{Heap after GC invocations=2 (full 0):
 garbage-first heap   total 131072K, used 8586K [0x00000000e0000000, 0x0000000100000000)
  region size 1024K, 2 young (2048K), 2 survivors (2048K)
 Metaspace       used 15419K, committed 15616K, reserved 1064960K
  class space    used 1641K, committed 1728K, reserved 1048576K
}
Event: 31.678 GC heap before
{Heap before GC invocations=2 (full 0):
 garbage-first heap   total 131072K, used 29066K [0x00000000e0000000, 0x0000000100000000)
  region size 1024K, 23 young (23552K), 2 survivors (2048K)
 Metaspace       used 19478K, committed 19712K, reserved 1073152K
  class space    used 2269K, committed 2368K, reserved 1048576K
}
Event: 31.683 GC heap after
{Heap after GC invocations=3 (full 0):
 garbage-first heap   total 131072K, used 9839K [0x00000000e0000000, 0x0000000100000000)
  region size 1024K, 3 young (3072K), 3 survivors (3072K)
 Metaspace       used 19478K, committed 19712K, reserved 1073152K
  class space    used 2269K, committed 2368K, reserved 1048576K
}
Event: 35.155 GC heap before
{Heap before GC invocations=3 (full 0):
 garbage-first heap   total 131072K, used 15983K [0x00000000e0000000, 0x0000000100000000)
  region size 1024K, 10 young (10240K), 3 survivors (3072K)
 Metaspace       used 21238K, committed 21504K, reserved 1073152K
  class space    used 2483K, committed 2624K, reserved 1048576K
}
Event: 35.162 GC heap after
{Heap after GC invocations=4 (full 0):
 garbage-first heap   total 131072K, used 10165K [0x00000000e0000000, 0x0000000100000000)
  region size 1024K, 3 young (3072K), 3 survivors (3072K)
 Metaspace       used 21238K, committed 21504K, reserved 1073152K
  class space    used 2483K, committed 2624K, reserved 1048576K
}

